<?xml version="1.0" encoding="UTF-8"?>
<testsuite xmlns:xsi="http://www.w3.org/2001/XMLSchema-instance" xsi:noNamespaceSchemaLocation="https://maven.apache.org/surefire/maven-surefire-plugin/xsd/surefire-test-report.xsd" name="MyTest" time="0.039" tests="6" errors="0" skipped="0" failures="0">
  <properties>
[...]
</properties>
  <testcase name="testTie" classname="MyTest" time="0.024"/>
  <testcase name="testDownLeftWin" classname="MyTest" time="0"/>
  <testcase name="testUpRightWin" classname="MyTest" time="0.001"/>
  <testcase name="testVerticalWin" classname="MyTest" time="0.001"/>
  <testcase name="testHorizontalWin" classname="MyTest" time="0.001"/>
  <testcase name="testReturnCorrectPieces" classname="MyTest" time="0.003"/>
</testsuite>